0 info it worked if it ends with ok
1 verbose cli [ 'C:\\Program Files\\nodejs\\\\node.exe',
1 verbose cli   'C:\\Program Files\\nodejs\\node_modules\\npm\\bin\\npm-cli.js',
1 verbose cli   'publish' ]
2 info using npm@1.3.24
3 info using node@v0.10.25
4 verbose node symlink C:\Program Files\nodejs\\node.exe
5 verbose publish [ '.' ]
6 verbose cache add [ '.', null ]
7 verbose cache add name=undefined spec="." args=[".",null]
8 verbose parsed url { protocol: null,
8 verbose parsed url   slashes: null,
8 verbose parsed url   auth: null,
8 verbose parsed url   host: null,
8 verbose parsed url   port: null,
8 verbose parsed url   hostname: null,
8 verbose parsed url   hash: null,
8 verbose parsed url   search: null,
8 verbose parsed url   query: null,
8 verbose parsed url   pathname: '.',
8 verbose parsed url   path: '.',
8 verbose parsed url   href: '.' }
9 silly lockFile 3a52ce78- .
10 verbose lock . C:\Users\timo.mayer\AppData\Roaming\npm-cache\3a52ce78-.lock
11 verbose tar pack [ 'C:\\Users\\TIMO~1.MAY\\AppData\\Local\\Temp\\npm-92812-NMVYUxyY\\1400051888291-0.9377397205680609\\tmp.tgz',
11 verbose tar pack   '.' ]
12 verbose tarball C:\Users\TIMO~1.MAY\AppData\Local\Temp\npm-92812-NMVYUxyY\1400051888291-0.9377397205680609\tmp.tgz
13 verbose folder .
14 info prepublish generator-robotype@0.1.1
15 silly lockFile 1f1177db-tar tar://.
16 verbose lock tar://. C:\Users\timo.mayer\AppData\Roaming\npm-cache\1f1177db-tar.lock
17 silly lockFile f30c597a-88291-0-9377397205680609-tmp-tgz tar://C:\Users\TIMO~1.MAY\AppData\Local\Temp\npm-92812-NMVYUxyY\1400051888291-0.9377397205680609\tmp.tgz
18 verbose lock tar://C:\Users\TIMO~1.MAY\AppData\Local\Temp\npm-92812-NMVYUxyY\1400051888291-0.9377397205680609\tmp.tgz C:\Users\timo.mayer\AppData\Roaming\npm-cache\f30c597a-88291-0-9377397205680609-tmp-tgz.lock
19 silly lockFile 1f1177db-tar tar://.
20 silly lockFile 1f1177db-tar tar://.
21 silly lockFile f30c597a-88291-0-9377397205680609-tmp-tgz tar://C:\Users\TIMO~1.MAY\AppData\Local\Temp\npm-92812-NMVYUxyY\1400051888291-0.9377397205680609\tmp.tgz
22 silly lockFile f30c597a-88291-0-9377397205680609-tmp-tgz tar://C:\Users\TIMO~1.MAY\AppData\Local\Temp\npm-92812-NMVYUxyY\1400051888291-0.9377397205680609\tmp.tgz
23 verbose tar unpack C:\Users\TIMO~1.MAY\AppData\Local\Temp\npm-92812-NMVYUxyY\1400051888291-0.9377397205680609\tmp.tgz
24 silly lockFile 6fa438ba-88291-0-9377397205680609-package tar://C:\Users\TIMO~1.MAY\AppData\Local\Temp\npm-92812-NMVYUxyY\1400051888291-0.9377397205680609\package
25 verbose lock tar://C:\Users\TIMO~1.MAY\AppData\Local\Temp\npm-92812-NMVYUxyY\1400051888291-0.9377397205680609\package C:\Users\timo.mayer\AppData\Roaming\npm-cache\6fa438ba-88291-0-9377397205680609-package.lock
26 silly lockFile f30c597a-88291-0-9377397205680609-tmp-tgz tar://C:\Users\TIMO~1.MAY\AppData\Local\Temp\npm-92812-NMVYUxyY\1400051888291-0.9377397205680609\tmp.tgz
27 verbose lock tar://C:\Users\TIMO~1.MAY\AppData\Local\Temp\npm-92812-NMVYUxyY\1400051888291-0.9377397205680609\tmp.tgz C:\Users\timo.mayer\AppData\Roaming\npm-cache\f30c597a-88291-0-9377397205680609-tmp-tgz.lock
28 silly gunzTarPerm modes [ '755', '644' ]
29 silly gunzTarPerm extractEntry package.json
30 silly gunzTarPerm modified mode [ 'package.json', 438, 420 ]
31 silly gunzTarPerm extractEntry README.md
32 silly gunzTarPerm modified mode [ 'README.md', 438, 420 ]
33 silly gunzTarPerm extractEntry app/index.js
34 silly gunzTarPerm modified mode [ 'app/index.js', 438, 420 ]
35 silly gunzTarPerm extractEntry app/templates/Gruntfile.js
36 silly gunzTarPerm modified mode [ 'app/templates/Gruntfile.js', 438, 420 ]
37 silly gunzTarPerm extractEntry app/templates/api/customFunctions.js
38 silly gunzTarPerm modified mode [ 'app/templates/api/customFunctions.js', 438, 420 ]
39 silly gunzTarPerm extractEntry app/templates/api/products.json
40 silly gunzTarPerm modified mode [ 'app/templates/api/products.json', 438, 420 ]
41 silly gunzTarPerm extractEntry app/templates/api/users.json
42 silly gunzTarPerm modified mode [ 'app/templates/api/users.json', 438, 420 ]
43 silly gunzTarPerm extractEntry app/templates/app/README.md
44 silly gunzTarPerm modified mode [ 'app/templates/app/README.md', 438, 420 ]
45 silly gunzTarPerm extractEntry app/templates/app/.buildignore
46 silly gunzTarPerm modified mode [ 'app/templates/app/.buildignore', 438, 420 ]
47 silly gunzTarPerm extractEntry app/templates/app/app/apiService.js
48 silly gunzTarPerm modified mode [ 'app/templates/app/app/apiService.js', 438, 420 ]
49 silly gunzTarPerm extractEntry app/templates/app/app/app.js
50 silly gunzTarPerm modified mode [ 'app/templates/app/app/app.js', 438, 420 ]
51 silly gunzTarPerm extractEntry app/templates/app/app/headerNavCtrl.js
52 silly gunzTarPerm modified mode [ 'app/templates/app/app/headerNavCtrl.js', 438, 420 ]
53 silly gunzTarPerm extractEntry app/templates/app/app/overviewCtrl.js
54 silly gunzTarPerm modified mode [ 'app/templates/app/app/overviewCtrl.js', 438, 420 ]
55 silly gunzTarPerm extractEntry app/templates/app/app/overview.html
56 silly gunzTarPerm modified mode [ 'app/templates/app/app/overview.html', 438, 420 ]
57 silly gunzTarPerm extractEntry app/templates/app/app/partials/header.html
58 silly gunzTarPerm modified mode [ 'app/templates/app/app/partials/header.html', 438, 420 ]
59 silly gunzTarPerm extractEntry app/templates/app/app/products/productCtrl.js
60 silly gunzTarPerm modified mode [ 'app/templates/app/app/products/productCtrl.js', 438, 420 ]
61 silly gunzTarPerm extractEntry app/templates/app/app/products/productsCtrl.js
62 silly gunzTarPerm modified mode [ 'app/templates/app/app/products/productsCtrl.js', 438, 420 ]
63 silly gunzTarPerm extractEntry app/templates/app/app/products/productService.js
64 silly gunzTarPerm modified mode [ 'app/templates/app/app/products/productService.js', 438, 420 ]
65 silly gunzTarPerm extractEntry app/templates/app/app/products/product.html
66 silly gunzTarPerm modified mode [ 'app/templates/app/app/products/product.html', 438, 420 ]
67 silly gunzTarPerm extractEntry app/templates/app/app/products/products.html
68 silly gunzTarPerm modified mode [ 'app/templates/app/app/products/products.html', 438, 420 ]
69 silly gunzTarPerm extractEntry app/templates/app/app/users/userCtrl.js
70 silly gunzTarPerm modified mode [ 'app/templates/app/app/users/userCtrl.js', 438, 420 ]
71 silly gunzTarPerm extractEntry app/templates/app/app/users/usersCtrl.js
72 silly gunzTarPerm modified mode [ 'app/templates/app/app/users/usersCtrl.js', 438, 420 ]
73 silly gunzTarPerm extractEntry app/templates/app/app/users/userService.js
74 silly gunzTarPerm modified mode [ 'app/templates/app/app/users/userService.js', 438, 420 ]
75 silly gunzTarPerm extractEntry app/templates/app/app/users/user.html
76 silly gunzTarPerm modified mode [ 'app/templates/app/app/users/user.html', 438, 420 ]
77 silly gunzTarPerm extractEntry app/templates/app/app/users/users.html
78 silly gunzTarPerm modified mode [ 'app/templates/app/app/users/users.html', 438, 420 ]
79 silly gunzTarPerm extractEntry app/templates/app/images/bg.png
80 silly gunzTarPerm modified mode [ 'app/templates/app/images/bg.png', 438, 420 ]
81 silly gunzTarPerm extractEntry app/templates/app/index.html
82 silly gunzTarPerm modified mode [ 'app/templates/app/index.html', 438, 420 ]
83 silly gunzTarPerm extractEntry app/templates/app/scripts/polyfills.js
84 silly gunzTarPerm modified mode [ 'app/templates/app/scripts/polyfills.js', 438, 420 ]
85 silly gunzTarPerm extractEntry app/templates/app/styles/main.css
86 silly gunzTarPerm modified mode [ 'app/templates/app/styles/main.css', 438, 420 ]
87 silly gunzTarPerm extractEntry app/templates/app/styles/normalize.css
88 silly gunzTarPerm modified mode [ 'app/templates/app/styles/normalize.css', 438, 420 ]
89 silly gunzTarPerm extractEntry app/templates/bowerrc
90 silly gunzTarPerm modified mode [ 'app/templates/bowerrc', 438, 420 ]
91 silly gunzTarPerm extractEntry app/templates/editorconfig
92 silly gunzTarPerm modified mode [ 'app/templates/editorconfig', 438, 420 ]
93 silly gunzTarPerm extractEntry app/templates/jshintrc
94 silly gunzTarPerm modified mode [ 'app/templates/jshintrc', 438, 420 ]
95 silly gunzTarPerm extractEntry app/templates/mock.config.json
96 silly gunzTarPerm modified mode [ 'app/templates/mock.config.json', 438, 420 ]
97 silly gunzTarPerm extractEntry app/templates/_bower.json
98 silly gunzTarPerm modified mode [ 'app/templates/_bower.json', 438, 420 ]
99 silly gunzTarPerm extractEntry app/templates/_package.json
100 silly gunzTarPerm modified mode [ 'app/templates/_package.json', 438, 420 ]
101 silly lockFile 6fa438ba-88291-0-9377397205680609-package tar://C:\Users\TIMO~1.MAY\AppData\Local\Temp\npm-92812-NMVYUxyY\1400051888291-0.9377397205680609\package
102 silly lockFile 6fa438ba-88291-0-9377397205680609-package tar://C:\Users\TIMO~1.MAY\AppData\Local\Temp\npm-92812-NMVYUxyY\1400051888291-0.9377397205680609\package
103 silly lockFile f30c597a-88291-0-9377397205680609-tmp-tgz tar://C:\Users\TIMO~1.MAY\AppData\Local\Temp\npm-92812-NMVYUxyY\1400051888291-0.9377397205680609\tmp.tgz
104 silly lockFile f30c597a-88291-0-9377397205680609-tmp-tgz tar://C:\Users\TIMO~1.MAY\AppData\Local\Temp\npm-92812-NMVYUxyY\1400051888291-0.9377397205680609\tmp.tgz
105 verbose tar pack [ 'C:\\Users\\timo.mayer\\AppData\\Roaming\\npm-cache\\generator-robotype\\0.1.1\\package.tgz',
105 verbose tar pack   'C:\\Users\\TIMO~1.MAY\\AppData\\Local\\Temp\\npm-92812-NMVYUxyY\\1400051888291-0.9377397205680609\\package' ]
106 verbose tarball C:\Users\timo.mayer\AppData\Roaming\npm-cache\generator-robotype\0.1.1\package.tgz
107 verbose folder C:\Users\TIMO~1.MAY\AppData\Local\Temp\npm-92812-NMVYUxyY\1400051888291-0.9377397205680609\package
108 silly lockFile 6fa438ba-88291-0-9377397205680609-package tar://C:\Users\TIMO~1.MAY\AppData\Local\Temp\npm-92812-NMVYUxyY\1400051888291-0.9377397205680609\package
109 verbose lock tar://C:\Users\TIMO~1.MAY\AppData\Local\Temp\npm-92812-NMVYUxyY\1400051888291-0.9377397205680609\package C:\Users\timo.mayer\AppData\Roaming\npm-cache\6fa438ba-88291-0-9377397205680609-package.lock
110 silly lockFile 6a9bbd86-rator-robotype-0-1-1-package-tgz tar://C:\Users\timo.mayer\AppData\Roaming\npm-cache\generator-robotype\0.1.1\package.tgz
111 verbose lock tar://C:\Users\timo.mayer\AppData\Roaming\npm-cache\generator-robotype\0.1.1\package.tgz C:\Users\timo.mayer\AppData\Roaming\npm-cache\6a9bbd86-rator-robotype-0-1-1-package-tgz.lock
112 silly lockFile 6fa438ba-88291-0-9377397205680609-package tar://C:\Users\TIMO~1.MAY\AppData\Local\Temp\npm-92812-NMVYUxyY\1400051888291-0.9377397205680609\package
113 silly lockFile 6fa438ba-88291-0-9377397205680609-package tar://C:\Users\TIMO~1.MAY\AppData\Local\Temp\npm-92812-NMVYUxyY\1400051888291-0.9377397205680609\package
114 silly lockFile 6a9bbd86-rator-robotype-0-1-1-package-tgz tar://C:\Users\timo.mayer\AppData\Roaming\npm-cache\generator-robotype\0.1.1\package.tgz
115 silly lockFile 6a9bbd86-rator-robotype-0-1-1-package-tgz tar://C:\Users\timo.mayer\AppData\Roaming\npm-cache\generator-robotype\0.1.1\package.tgz
116 silly lockFile 33b157f7-generator-robotype-0-1-1-package C:\Users\timo.mayer\AppData\Roaming\npm-cache\generator-robotype\0.1.1\package
117 verbose lock C:\Users\timo.mayer\AppData\Roaming\npm-cache\generator-robotype\0.1.1\package C:\Users\timo.mayer\AppData\Roaming\npm-cache\33b157f7-generator-robotype-0-1-1-package.lock
118 silly lockFile 33b157f7-generator-robotype-0-1-1-package C:\Users\timo.mayer\AppData\Roaming\npm-cache\generator-robotype\0.1.1\package
119 silly lockFile 33b157f7-generator-robotype-0-1-1-package C:\Users\timo.mayer\AppData\Roaming\npm-cache\generator-robotype\0.1.1\package
120 verbose tar unpack C:\Users\timo.mayer\AppData\Roaming\npm-cache\generator-robotype\0.1.1\package.tgz
121 silly lockFile 150078e0-generator-robotype-0-1-1-package tar://C:\Users\timo.mayer\AppData\Roaming\npm-cache\generator-robotype\0.1.1\package
122 verbose lock tar://C:\Users\timo.mayer\AppData\Roaming\npm-cache\generator-robotype\0.1.1\package C:\Users\timo.mayer\AppData\Roaming\npm-cache\150078e0-generator-robotype-0-1-1-package.lock
123 silly lockFile 6a9bbd86-rator-robotype-0-1-1-package-tgz tar://C:\Users\timo.mayer\AppData\Roaming\npm-cache\generator-robotype\0.1.1\package.tgz
124 verbose lock tar://C:\Users\timo.mayer\AppData\Roaming\npm-cache\generator-robotype\0.1.1\package.tgz C:\Users\timo.mayer\AppData\Roaming\npm-cache\6a9bbd86-rator-robotype-0-1-1-package-tgz.lock
125 silly gunzTarPerm modes [ '755', '644' ]
126 silly gunzTarPerm extractEntry package.json
127 silly gunzTarPerm modified mode [ 'package.json', 438, 420 ]
128 silly gunzTarPerm extractEntry README.md
129 silly gunzTarPerm modified mode [ 'README.md', 438, 420 ]
130 silly gunzTarPerm extractEntry app/index.js
131 silly gunzTarPerm modified mode [ 'app/index.js', 438, 420 ]
132 silly gunzTarPerm extractEntry app/templates/Gruntfile.js
133 silly gunzTarPerm modified mode [ 'app/templates/Gruntfile.js', 438, 420 ]
134 silly gunzTarPerm extractEntry app/templates/api/customFunctions.js
135 silly gunzTarPerm modified mode [ 'app/templates/api/customFunctions.js', 438, 420 ]
136 silly gunzTarPerm extractEntry app/templates/api/products.json
137 silly gunzTarPerm modified mode [ 'app/templates/api/products.json', 438, 420 ]
138 silly gunzTarPerm extractEntry app/templates/api/users.json
139 silly gunzTarPerm modified mode [ 'app/templates/api/users.json', 438, 420 ]
140 silly gunzTarPerm extractEntry app/templates/app/README.md
141 silly gunzTarPerm modified mode [ 'app/templates/app/README.md', 438, 420 ]
142 silly gunzTarPerm extractEntry app/templates/app/.buildignore
143 silly gunzTarPerm modified mode [ 'app/templates/app/.buildignore', 438, 420 ]
144 silly gunzTarPerm extractEntry app/templates/app/app/apiService.js
145 silly gunzTarPerm modified mode [ 'app/templates/app/app/apiService.js', 438, 420 ]
146 silly gunzTarPerm extractEntry app/templates/app/app/app.js
147 silly gunzTarPerm modified mode [ 'app/templates/app/app/app.js', 438, 420 ]
148 silly gunzTarPerm extractEntry app/templates/app/app/headerNavCtrl.js
149 silly gunzTarPerm modified mode [ 'app/templates/app/app/headerNavCtrl.js', 438, 420 ]
150 silly gunzTarPerm extractEntry app/templates/app/app/overviewCtrl.js
151 silly gunzTarPerm modified mode [ 'app/templates/app/app/overviewCtrl.js', 438, 420 ]
152 silly gunzTarPerm extractEntry app/templates/app/app/overview.html
153 silly gunzTarPerm modified mode [ 'app/templates/app/app/overview.html', 438, 420 ]
154 silly gunzTarPerm extractEntry app/templates/app/app/partials/header.html
155 silly gunzTarPerm modified mode [ 'app/templates/app/app/partials/header.html', 438, 420 ]
156 silly gunzTarPerm extractEntry app/templates/app/app/products/productCtrl.js
157 silly gunzTarPerm modified mode [ 'app/templates/app/app/products/productCtrl.js', 438, 420 ]
158 silly gunzTarPerm extractEntry app/templates/app/app/products/productsCtrl.js
159 silly gunzTarPerm modified mode [ 'app/templates/app/app/products/productsCtrl.js', 438, 420 ]
160 silly gunzTarPerm extractEntry app/templates/app/app/products/productService.js
161 silly gunzTarPerm modified mode [ 'app/templates/app/app/products/productService.js', 438, 420 ]
162 silly gunzTarPerm extractEntry app/templates/app/app/products/product.html
163 silly gunzTarPerm modified mode [ 'app/templates/app/app/products/product.html', 438, 420 ]
164 silly gunzTarPerm extractEntry app/templates/app/app/products/products.html
165 silly gunzTarPerm modified mode [ 'app/templates/app/app/products/products.html', 438, 420 ]
166 silly gunzTarPerm extractEntry app/templates/app/app/users/userCtrl.js
167 silly gunzTarPerm modified mode [ 'app/templates/app/app/users/userCtrl.js', 438, 420 ]
168 silly gunzTarPerm extractEntry app/templates/app/app/users/usersCtrl.js
169 silly gunzTarPerm modified mode [ 'app/templates/app/app/users/usersCtrl.js', 438, 420 ]
170 silly gunzTarPerm extractEntry app/templates/app/app/users/userService.js
171 silly gunzTarPerm modified mode [ 'app/templates/app/app/users/userService.js', 438, 420 ]
172 silly gunzTarPerm extractEntry app/templates/app/app/users/user.html
173 silly gunzTarPerm modified mode [ 'app/templates/app/app/users/user.html', 438, 420 ]
174 silly gunzTarPerm extractEntry app/templates/app/app/users/users.html
175 silly gunzTarPerm modified mode [ 'app/templates/app/app/users/users.html', 438, 420 ]
176 silly gunzTarPerm extractEntry app/templates/app/images/bg.png
177 silly gunzTarPerm modified mode [ 'app/templates/app/images/bg.png', 438, 420 ]
178 silly gunzTarPerm extractEntry app/templates/app/index.html
179 silly gunzTarPerm modified mode [ 'app/templates/app/index.html', 438, 420 ]
180 silly gunzTarPerm extractEntry app/templates/app/scripts/polyfills.js
181 silly gunzTarPerm modified mode [ 'app/templates/app/scripts/polyfills.js', 438, 420 ]
182 silly gunzTarPerm extractEntry app/templates/app/styles/main.css
183 silly gunzTarPerm modified mode [ 'app/templates/app/styles/main.css', 438, 420 ]
184 silly gunzTarPerm extractEntry app/templates/app/styles/normalize.css
185 silly gunzTarPerm modified mode [ 'app/templates/app/styles/normalize.css', 438, 420 ]
186 silly gunzTarPerm extractEntry app/templates/bowerrc
187 silly gunzTarPerm modified mode [ 'app/templates/bowerrc', 438, 420 ]
188 silly gunzTarPerm extractEntry app/templates/editorconfig
189 silly gunzTarPerm modified mode [ 'app/templates/editorconfig', 438, 420 ]
190 silly gunzTarPerm extractEntry app/templates/jshintrc
191 silly gunzTarPerm modified mode [ 'app/templates/jshintrc', 438, 420 ]
192 silly gunzTarPerm extractEntry app/templates/mock.config.json
193 silly gunzTarPerm modified mode [ 'app/templates/mock.config.json', 438, 420 ]
194 silly gunzTarPerm extractEntry app/templates/_bower.json
195 silly gunzTarPerm modified mode [ 'app/templates/_bower.json', 438, 420 ]
196 silly gunzTarPerm extractEntry app/templates/_package.json
197 silly gunzTarPerm modified mode [ 'app/templates/_package.json', 438, 420 ]
198 silly lockFile 150078e0-generator-robotype-0-1-1-package tar://C:\Users\timo.mayer\AppData\Roaming\npm-cache\generator-robotype\0.1.1\package
199 silly lockFile 150078e0-generator-robotype-0-1-1-package tar://C:\Users\timo.mayer\AppData\Roaming\npm-cache\generator-robotype\0.1.1\package
200 silly lockFile 6a9bbd86-rator-robotype-0-1-1-package-tgz tar://C:\Users\timo.mayer\AppData\Roaming\npm-cache\generator-robotype\0.1.1\package.tgz
201 silly lockFile 6a9bbd86-rator-robotype-0-1-1-package-tgz tar://C:\Users\timo.mayer\AppData\Roaming\npm-cache\generator-robotype\0.1.1\package.tgz
202 verbose chmod C:\Users\timo.mayer\AppData\Roaming\npm-cache\generator-robotype\0.1.1\package.tgz 644
203 silly chown skipping for windows C:\Users\timo.mayer\AppData\Roaming\npm-cache\generator-robotype\0.1.1\package.tgz
204 silly lockFile 3a52ce78- .
205 silly lockFile 3a52ce78- .
206 silly publish { name: 'generator-robotype',
206 silly publish   version: '0.1.1',
206 silly publish   description: 'Yeoman generator to setup a rapid prototyping environment based on angular, bootstrap and a mock server.',
206 silly publish   license: 'MIT',
206 silly publish   main: 'app/index.js',
206 silly publish   repository:
206 silly publish    { type: 'git',
206 silly publish      url: 'git://github.com/virtualidentityag/generator-robotype' },
206 silly publish   author:
206 silly publish    { name: 'Virtual Identity AG',
206 silly publish      url: 'https://github.com/virtualidentityag' },
206 silly publish   engines: { node: '>=0.10.0' },
206 silly publish   scripts: { test: 'mocha' },
206 silly publish   files: [ 'app' ],
206 silly publish   keywords: [ 'yeoman-generator', 'rapid prototyping', 'angularjs' ],
206 silly publish   dependencies: { 'yeoman-generator': '~0.16.0', chalk: '~0.4.0' },
206 silly publish   devDependencies: { mocha: '*' },
206 silly publish   peerDependencies: { yo: '>=1.0.0' },
206 silly publish   readme: '# generator-robotype [![Build Status](https://secure.travis-ci.org/timomayer/generator-robotype.png?branch=master)](https://travis-ci.org/timomayer/generator-robotype)\n\n> [Yeoman](http://yeoman.io) generator\n\n\n## Getting Started\n\n### What is Yeoman?\n\nTrick question. It\'s not a thing. It\'s this guy:\n\n![](http://i.imgur.com/JHaAlBJ.png)\n\nBasically, he wears a top hat, lives in your computer, and waits for you to tell him what kind of application you wish to create.\n\nNot every new computer comes with a Yeoman pre-installed. He lives in the [npm](https://npmjs.org) package repository. You only have to ask for him once, then he packs up and moves into your hard drive. *Make sure you clean up, he likes new and shiny things.*\n\n```\n$ npm install -g yo\n```\n\n### Yeoman Generators\n\nYeoman travels light. He didn\'t pack any generators when he moved in. You can think of a generator like a plug-in. You get to choose what type of application you wish to create, such as a Backbone application or even a Chrome extension.\n\nTo install generator-robotype from npm, run:\n\n```\n$ npm install -g generator-robotype\n```\n\nFinally, initiate the generator:\n\n```\n$ yo robotype\n```\n\n### Getting To Know Yeoman\n\nYeoman has a heart of gold. He\'s a person with feelings and opinions, but he\'s very easy to work with. If you think he\'s too opinionated, he can be easily convinced.\n\nIf you\'d like to get to know Yeoman better and meet some of his friends, [Grunt](http://gruntjs.com) and [Bower](http://bower.io), check out the complete [Getting Started Guide](https://github.com/yeoman/yeoman/wiki/Getting-Started).\n\n\n## License\n\nMIT\n',
206 silly publish   readmeFilename: 'README.md',
206 silly publish   bugs: { url: 'https://github.com/virtualidentityag/generator-robotype/issues' },
206 silly publish   homepage: 'https://github.com/virtualidentityag/generator-robotype',
206 silly publish   _id: 'generator-robotype@0.1.1',
206 silly publish   dist: { shasum: '628e32840e38f3b6ea7edb098a8d421dbfe5f212' },
206 silly publish   _from: '.' }
207 verbose url raw generator-robotype
208 verbose url resolving [ 'https://registry.npmjs.org/', './generator-robotype' ]
209 verbose url resolved https://registry.npmjs.org/generator-robotype
210 info trying registry request attempt 1 at 09:18:08
211 http PUT https://registry.npmjs.org/generator-robotype
212 http 403 https://registry.npmjs.org/generator-robotype
213 info trying registry request attempt 1 at 09:18:10
214 http PUT https://registry.npmjs.org/generator-robotype
215 http 403 https://registry.npmjs.org/generator-robotype
216 error publish Failed PUT 403
217 error Error: forbidden cannot modify pre-existing version: 0.1.1
217 error old={"name":"generator-robotype","version":"0.1.1","description":"Yeoman generator to setup a rapid prototyping environment based on angular, bootstrap and a mock server.","license":"MIT","main":"app/index.js","repository":{"type":"git","url":"git://github.com/virtualidentityag/generator-robotype"},"author":{"name":"Virtual Identity AG","url":"https://github.com/virtualidentityag"},"engines":{"node":">=0.10.0"},"scripts":{"test":"mocha"},"files":["app"],"keywords":["yeoman-generator","rapid prototyping","angularjs"],"dependencies":{"yeoman-generator":"~0.16.0","chalk":"~0.4.0"},"devDependencies":{"mocha":"*"},"peerDependencies":{"yo":">=1.0.0"},"bugs":{"url":"https://github.com/virtualidentityag/generator-robotype/issues"},"homepage":"https://github.com/virtualidentityag/generator-robotype","_id":"generator-robotype@0.1.1","dist":{"shasum":"b036e69cddcc31d1e5b4c77b9335b387b9e9ee0a","tarball":"http://registry.npmjs.org/generator-robotype/-/generator-robotype-0.1.1.tgz"},"_from":".","_npmVersion":"1.3.24","_npmUser":{"name":"virtualidentityag","email":"timo.mayer@virtual-identity.com"},"maintainers":[{"name":"virtualidentityag","email":"timo.mayer@virtual-identity.com"}]}
217 error new={"name":"generator-robotype","version":"0.1.1","description":"Yeoman generator to setup a rapid prototyping environment based on angular, bootstrap and a mock server.","license":"MIT","main":"app/index.js","repository":{"type":"git","url":"git://github.com/virtualidentityag/generator-robotype"},"author":{"name":"Virtual Identity AG","url":"https://github.com/virtualidentityag"},"engines":{"node":">=0.10.0"},"scripts":{"test":"mocha"},"files":["app"],"keywords":["yeoman-generator","rapid prototyping","angularjs"],"dependencies":{"yeoman-generator":"~0.16.0","chalk":"~0.4.0"},"devDependencies":{"mocha":"*"},"peerDependencies":{"yo":">=1.0.0"},"readme":"# generator-robotype [![Build Status](https://secure.travis-ci.org/timomayer/generator-robotype.png?branch=master)](https://travis-ci.org/timomayer/generator-robotype)\u000a\u000a> [Yeoman](http://yeoman.io) generator\u000a\u000a\u000a## Getting Started\u000a\u000a### What is Yeoman?\u000a\u000aTrick question. It's not a thing. It's this guy:\u000a\u000a![](http://i.imgur.com/JHaAlBJ.png)\u000a\u000aBasically, he wears a top hat, lives in your computer, and waits for you to tell him what kind of application you wish to create.\u000a\u000aNot every new computer comes with a Yeoman pre-installed. He lives in the [npm](https://npmjs.org) package repository. You only have to ask for him once, then he packs up and moves into your hard drive. *Make sure you clean up, he likes new and shiny things.*\u000a\u000a```\u000a$ npm install -g yo\u000a```\u000a\u000a### Yeoman Generators\u000a\u000aYeoman travels light. He didn't pack any generators when he moved in. You can think of a generator like a plug-in. You get to choose what type of application you wish to create, such as a Backbone application or even a Chrome extension.\u000a\u000aTo install generator-robotype from npm, run:\u000a\u000a```\u000a$ npm install -g generator-robotype\u000a```\u000a\u000aFinally, initiate the generator:\u000a\u000a```\u000a$ yo robotype\u000a```\u000a\u000a### Getting To Know Yeoman\u000a\u000aYeoman has a heart of gold. He's a person with feelings and opinions, but he's very easy to work with. If you think he's too opinionated, he can be easily convinced.\u000a\u000aIf you'd like to get to know Yeoman better and meet some of his friends, [Grunt](http://gruntjs.com) and [Bower](http://bower.io), check out the complete [Getting Started Guide](https://github.com/yeoman/yeoman/wiki/Getting-Started).\u000a\u000a\u000a## License\u000a\u000aMIT\u000a","readmeFilename":"README.md","bugs":{"url":"https://github.com/virtualidentityag/generator-robotype/issues"},"homepage":"https://github.com/virtualidentityag/generator-robotype","_id":"generator-robotype@0.1.1","dist":{"shasum":"628e32840e38f3b6ea7edb098a8d421dbfe5f212","tarball":"http://registry.npmjs.org/generator-robotype/-/generator-robotype-0.1.1.tgz"},"_from":".","_npmVersion":"1.3.24","_npmUser":{"name":"virtualidentityag","email":"timo.mayer@virtual-identity.com"},"maintainers":[{"name":"virtualidentityag","email":"timo.mayer@virtual-identity.com"}]}: generator-robotype
217 error     at RegClient.<anonymous> (C:\Program Files\nodejs\node_modules\npm\node_modules\npm-registry-client\lib\request.js:275:14)
217 error     at Request.self.callback (C:\Program Files\nodejs\node_modules\npm\node_modules\request\request.js:123:22)
217 error     at Request.EventEmitter.emit (events.js:98:17)
217 error     at Request.<anonymous> (C:\Program Files\nodejs\node_modules\npm\node_modules\request\request.js:893:14)
217 error     at Request.EventEmitter.emit (events.js:117:20)
217 error     at IncomingMessage.<anonymous> (C:\Program Files\nodejs\node_modules\npm\node_modules\request\request.js:844:12)
217 error     at IncomingMessage.EventEmitter.emit (events.js:117:20)
217 error     at _stream_readable.js:920:16
217 error     at process._tickCallback (node.js:415:13)
218 error If you need help, you may report this *entire* log,
218 error including the npm and node versions, at:
218 error     <http://github.com/isaacs/npm/issues>
219 error System Windows_NT 6.1.7601
220 error command "C:\\Program Files\\nodejs\\\\node.exe" "C:\\Program Files\\nodejs\\node_modules\\npm\\bin\\npm-cli.js" "publish"
221 error cwd C:\xampp\htdocs\yeoman\generator-robotype
222 error node -v v0.10.25
223 error npm -v 1.3.24
224 verbose exit [ 1, true ]
